<?xml version="1.0" encoding="UTF-8"?>
<testng-results ignored="0" total="1" passed="1" failed="0" skipped="0">
  <reporter-output>
  </reporter-output>
  <suite started-at="2022-01-26T12:05:37Z" name="Default suite" finished-at="2022-01-26T12:06:47Z" duration-ms="69672">
    <groups>
    </groups>
    <test started-at="2022-01-26T12:05:37Z" name="Default test" finished-at="2022-01-26T12:06:47Z" duration-ms="69672">
      <class name="TestingInner.TestingOuter.Runn">
        <test-method is-config="true" signature="hold1()[pri:0, instance:TestingInner.TestingOuter.Runn@7e0aadd0]" started-at="2022-01-26T12:05:37Z" name="hold1" finished-at="2022-01-26T12:05:37Z" duration-ms="6" status="PASS">
          <reporter-output>
          </reporter-output>
        </test-method> <!-- hold1 -->
        <test-method signature="pagetrigger()[pri:0, instance:TestingInner.TestingOuter.Runn@7e0aadd0]" started-at="2022-01-26T12:05:37Z" name="pagetrigger" finished-at="2022-01-26T12:06:47Z" duration-ms="69635" status="PASS">
          <reporter-output>
          </reporter-output>
        </test-method> <!-- pagetrigger -->
      </class> <!-- TestingInner.TestingOuter.Runn -->
    </test> <!-- Default test -->
  </suite> <!-- Default suite -->
</testng-results>
